<?xml version="1.0" encoding="UTF-8"?>
<!-- Generated by org.testng.reporters.JUnitReportReporter -->
<testsuite hostname="PARADIGMSHIFT" failures="0" tests="1" name="com.example.AppTest" time="8.840" errors="0" timestamp="2023-05-13T23:52:32 IST" skipped="0">
  <testcase classname="com.example.AppTest" name="testSelenium" time="8.840"/>
</testsuite> <!-- com.example.AppTest -->
